<?xml version="1.0" encoding="UTF-8"?>
<testsuites name="jest tests" tests="10" failures="0" time="12.437">
  <testsuite name="undefined" errors="0" failures="0" skipped="0" timestamp="2019-12-09T12:04:03" time="3.909" tests="1">
    <testcase classname=" add" name=" add" time="0.003">
    </testcase>
  </testsuite>
  <testsuite name="undefined" errors="0" failures="0" skipped="0" timestamp="2019-12-09T12:04:03" time="4.465" tests="1">
    <testcase classname=" button" name=" button" time="0.014">
    </testcase>
  </testsuite>
  <testsuite name="classes" errors="0" failures="0" skipped="0" timestamp="2019-12-09T12:04:03" time="5.909" tests="5">
    <testcase classname="classes 接收一个 classname" name="classes 接收一个 classname" time="0.003">
    </testcase>
    <testcase classname="classes 接收两个 classname" name="classes 接收两个 classname" time="0">
    </testcase>
    <testcase classname="classes 接收参数一个 undefined" name="classes 接收参数一个 undefined" time="0.001">
    </testcase>
    <testcase classname="classes 接收多个值" name="classes 接收多个值" time="0">
    </testcase>
    <testcase classname="classes 接收空" name="classes 接收空" time="0">
    </testcase>
  </testsuite>
  <testsuite name="测试Icon" errors="0" failures="0" skipped="0" timestamp="2019-12-09T12:04:03" time="6.203" tests="3">
    <testcase classname="测试Icon render success" name="测试Icon render success" time="0.024">
    </testcase>
    <testcase classname="测试Icon onClick" name="测试Icon onClick" time="0.046">
    </testcase>
    <testcase classname="测试Icon onClick jest.fn()" name="测试Icon onClick jest.fn()" time="0.011">
    </testcase>
  </testsuite>
</testsuites>