<?xml version="1.0" encoding="UTF-8"?>
<testsuites name="jest tests" tests="5" failures="0" time="5.435">
  <testsuite name="classes" errors="0" failures="0" skipped="0" timestamp="2021-10-28T09:16:46" time="3.696" tests="5">
    <testcase classname="classes 接受一个 classname" name="classes 接受一个 classname" time="0.003">
    </testcase>
    <testcase classname="classes 接收两个 classname" name="classes 接收两个 classname" time="0.001">
    </testcase>
    <testcase classname="classes 接收参数一个 undefined" name="classes 接收参数一个 undefined" time="0">
    </testcase>
    <testcase classname="classes 接收多个奇怪值" name="classes 接收多个奇怪值" time="0.001">
    </testcase>
    <testcase classname="classes 接收空" name="classes 接收空" time="0">
    </testcase>
  </testsuite>
</testsuites>